<?xml version="1.0" encoding="UTF-8"?>
<testsuite xmlns:xsi="http://www.w3.org/2001/XMLSchema-instance" xsi:noNamespaceSchemaLocation="https://maven.apache.org/surefire/maven-surefire-plugin/xsd/surefire-test-report-3.0.xsd" version="3.0" name="com.jofre.ListaLocalApplicationTests" time="6.618" tests="1" errors="0" skipped="0" failures="0">
  <properties>
[...]
</properties>
  <testcase name="contextLoads" classname="com.jofre.ListaLocalApplicationTests" time="0.657">
    <system-out><![CDATA[15:45:34.889 [main] INFO org.springframework.test.context.support.AnnotationConfigContextLoaderUtils -- Could not detect default configuration classes for test class [com.jofre.ListaLocalApplicationTests]: ListaLocalApplicationTests does not declare any static, non-private, non-final, nested classes annotated with @Configuration.
15:45:35.004 [main] INFO org.springframework.boot.test.context.SpringBootTestContextBootstrapper -- Found @SpringBootConfiguration com.jofre.ListaLocalApplication for test class com.jofre.ListaLocalApplicationTests

  .   ____          _            __ _ _
 /\\ / ___'_ __ _ _(_)_ __  __ _ \ \ \ \
( ( )\___ | '_ | '_| | '_ \/ _` | \ \ \ \
 \\/  ___)| |_)| | | | | || (_| |  ) ) ) )
  '  |____| .__|_| |_|_| |_\__, | / / / /
 =========|_|==============|___/=/_/_/_/
 :: Spring Boot ::                (v3.1.1)

2023-07-13T15:45:35.471-03:00  INFO 3960 --- [           main] com.jofre.ListaLocalApplicationTests     : Starting ListaLocalApplicationTests using Java 17.0.4.1 with PID 3960 (started by fabio in C:\sts\LISTA_LOCAL)
2023-07-13T15:45:35.473-03:00  INFO 3960 --- [           main] com.jofre.ListaLocalApplicationTests     : No active profile set, falling back to 1 default profile: "default"
2023-07-13T15:45:36.419-03:00  INFO 3960 --- [           main] .s.d.r.c.RepositoryConfigurationDelegate : Bootstrapping Spring Data JPA repositories in DEFAULT mode.
2023-07-13T15:45:36.453-03:00  INFO 3960 --- [           main] .s.d.r.c.RepositoryConfigurationDelegate : Finished Spring Data repository scanning in 22 ms. Found 0 JPA repository interfaces.
2023-07-13T15:45:36.980-03:00  INFO 3960 --- [           main] o.hibernate.jpa.internal.util.LogHelper  : HHH000204: Processing PersistenceUnitInfo [name: default]
2023-07-13T15:45:37.061-03:00  INFO 3960 --- [           main] org.hibernate.Version                    : HHH000412: Hibernate ORM core version 6.2.5.Final
2023-07-13T15:45:37.065-03:00  INFO 3960 --- [           main] org.hibernate.cfg.Environment            : HHH000406: Using bytecode reflection optimizer
2023-07-13T15:45:37.328-03:00  INFO 3960 --- [           main] o.h.b.i.BytecodeProviderInitiator        : HHH000021: Bytecode provider name : bytebuddy
2023-07-13T15:45:37.491-03:00  INFO 3960 --- [           main] o.s.o.j.p.SpringPersistenceUnitInfo      : No LoadTimeWeaver setup: ignoring JPA class transformer
2023-07-13T15:45:37.516-03:00  INFO 3960 --- [           main] com.zaxxer.hikari.HikariDataSource       : HikariPool-1 - Starting...
2023-07-13T15:45:37.687-03:00  INFO 3960 --- [           main] com.zaxxer.hikari.pool.HikariPool        : HikariPool-1 - Added connection org.postgresql.jdbc.PgConnection@5ed65e4b
2023-07-13T15:45:37.689-03:00  INFO 3960 --- [           main] com.zaxxer.hikari.HikariDataSource       : HikariPool-1 - Start completed.
2023-07-13T15:45:38.076-03:00  INFO 3960 --- [           main] o.h.b.i.BytecodeProviderInitiator        : HHH000021: Bytecode provider name : bytebuddy
2023-07-13T15:45:38.833-03:00  INFO 3960 --- [           main] o.h.e.t.j.p.i.JtaPlatformInitiator       : HHH000490: Using JtaPlatform implementation: [org.hibernate.engine.transaction.jta.platform.internal.NoJtaPlatform]
Hibernate: alter table if exists escala alter column data_fim set data type DATE
Hibernate: alter table if exists escala alter column data_inicio set data type DATE
Hibernate: alter table if exists escala_item alter column data_escala set data type DATE
Hibernate: alter table if exists obreiro alter column data_ultima_escala set data type DATE
2023-07-13T15:45:38.962-03:00  INFO 3960 --- [           main] j.LocalContainerEntityManagerFactoryBean : Initialized JPA EntityManagerFactory for persistence unit 'default'
2023-07-13T15:45:40.643-03:00  INFO 3960 --- [           main] com.jofre.ListaLocalApplicationTests     : Started ListaLocalApplicationTests in 5.435 seconds (process running for 6.539)
]]></system-out>
  </testcase>
</testsuite>